<?xml version="1.0" encoding="UTF-8"?>
<!-- Generated by org.testng.reporters.JUnitReportReporter -->
<testsuite skipped="1" hostname="Sunny" name="com.actitime.tests.ValidLoginLogoutTest" tests="1" failures="0" timestamp="29 Apr 2018 05:19:06 GMT" time="0.000" errors="0">
  <testcase name="testvalidLoginLogout" time="0.000" classname="com.actitime.tests.ValidLoginLogoutTest">
    <skipped/>
  </testcase> <!-- testvalidLoginLogout -->
</testsuite> <!-- com.actitime.tests.ValidLoginLogoutTest -->
